2020-02-02 12:41:06.049  INFO 8071 --- [restartedMain] com.gouzhong1223.blog.BlogApplication    : Starting BlogApplication on localhost with PID 8071 (/Users/qingsong/Projects/IDEA/2020-01/blog/target/classes started by qingsong in /Users/qingsong/Projects/IDEA/2020-01/blog)
2020-02-02 12:41:06.055  INFO 8071 --- [restartedMain] com.gouzhong1223.blog.BlogApplication    : The following profiles are active: dev
2020-02-02 12:41:06.115  INFO 8071 --- [restartedMain] .e.DevToolsPropertyDefaultsPostProcessor : Devtools property defaults active! Set 'spring.devtools.add-properties' to 'false' to disable
2020-02-02 12:41:06.116  INFO 8071 --- [restartedMain] .e.DevToolsPropertyDefaultsPostProcessor : For additional web related logging consider setting the 'logging.level.web' property to 'DEBUG'
2020-02-02 12:41:07.068  INFO 8071 --- [restartedMain] .s.d.r.c.RepositoryConfigurationDelegate : Multiple Spring Data modules found, entering strict repository configuration mode!
2020-02-02 12:41:07.071  INFO 8071 --- [restartedMain] .s.d.r.c.RepositoryConfigurationDelegate : Bootstrapping Spring Data repositories in DEFAULT mode.
2020-02-02 12:41:07.111  INFO 8071 --- [restartedMain] .s.d.r.c.RepositoryConfigurationDelegate : Finished Spring Data repository scanning in 20ms. Found 0 repository interfaces.
2020-02-02 12:41:07.552  INFO 8071 --- [restartedMain] trationDelegate$BeanPostProcessorChecker : Bean 'org.springframework.transaction.annotation.ProxyTransactionManagementConfiguration' of type [org.springframework.transaction.annotation.ProxyTransactionManagementConfiguration$$EnhancerBySpringCGLIB$$af934f91] is not eligible for getting processed by all BeanPostProcessors (for example: not eligible for auto-proxying)
2020-02-02 12:41:07.976  INFO 8071 --- [restartedMain] o.s.b.w.embedded.tomcat.TomcatWebServer  : Tomcat initialized with port(s): 8087 (http)
2020-02-02 12:41:08.016  INFO 8071 --- [restartedMain] o.apache.catalina.core.StandardService   : Starting service [Tomcat]
2020-02-02 12:41:08.017  INFO 8071 --- [restartedMain] org.apache.catalina.core.StandardEngine  : Starting Servlet engine: [Apache Tomcat/9.0.19]
2020-02-02 12:41:08.121  INFO 8071 --- [restartedMain] o.a.c.c.C.[Tomcat].[localhost].[/]       : Initializing Spring embedded WebApplicationContext
2020-02-02 12:41:08.122  INFO 8071 --- [restartedMain] o.s.web.context.ContextLoader            : Root WebApplicationContext: initialization completed in 2006 ms
2020-02-02 12:41:08.653  WARN 8071 --- [restartedMain] ConfigServletWebServerApplicationContext : Exception encountered during context initialization - cancelling refresh attempt: org.springframework.beans.factory.UnsatisfiedDependencyException: Error creating bean with name 'tagController': Unsatisfied dependency expressed through field 'tagService'; nested exception is org.springframework.beans.factory.NoSuchBeanDefinitionException: No qualifying bean of type 'com.gouzhong1223.blog.service.TagService' available: expected at least 1 bean which qualifies as autowire candidate. Dependency annotations: {@org.springframework.beans.factory.annotation.Autowired(required=true)}
2020-02-02 12:41:08.657  INFO 8071 --- [restartedMain] o.apache.catalina.core.StandardService   : Stopping service [Tomcat]
2020-02-02 12:41:08.668  INFO 8071 --- [restartedMain] ConditionEvaluationReportLoggingListener : 

Error starting ApplicationContext. To display the conditions report re-run your application with 'debug' enabled.
2020-02-02 12:41:08.837 ERROR 8071 --- [restartedMain] o.s.b.d.LoggingFailureAnalysisReporter   : 

***************************
APPLICATION FAILED TO START
***************************

Description:

Field tagService in com.gouzhong1223.blog.controller.TagController required a bean of type 'com.gouzhong1223.blog.service.TagService' that could not be found.

The injection point has the following annotations:
	- @org.springframework.beans.factory.annotation.Autowired(required=true)


Action:

Consider defining a bean of type 'com.gouzhong1223.blog.service.TagService' in your configuration.

2020-02-02 12:41:28.018  INFO 8163 --- [restartedMain] com.gouzhong1223.blog.BlogApplication    : Starting BlogApplication on localhost with PID 8163 (/Users/qingsong/Projects/IDEA/2020-01/blog/target/classes started by qingsong in /Users/qingsong/Projects/IDEA/2020-01/blog)
2020-02-02 12:41:28.028  INFO 8163 --- [restartedMain] com.gouzhong1223.blog.BlogApplication    : The following profiles are active: dev
2020-02-02 12:41:28.139  INFO 8163 --- [restartedMain] .e.DevToolsPropertyDefaultsPostProcessor : Devtools property defaults active! Set 'spring.devtools.add-properties' to 'false' to disable
2020-02-02 12:41:28.139  INFO 8163 --- [restartedMain] .e.DevToolsPropertyDefaultsPostProcessor : For additional web related logging consider setting the 'logging.level.web' property to 'DEBUG'
2020-02-02 12:41:29.281  INFO 8163 --- [restartedMain] .s.d.r.c.RepositoryConfigurationDelegate : Multiple Spring Data modules found, entering strict repository configuration mode!
2020-02-02 12:41:29.283  INFO 8163 --- [restartedMain] .s.d.r.c.RepositoryConfigurationDelegate : Bootstrapping Spring Data repositories in DEFAULT mode.
2020-02-02 12:41:29.312  INFO 8163 --- [restartedMain] .s.d.r.c.RepositoryConfigurationDelegate : Finished Spring Data repository scanning in 16ms. Found 0 repository interfaces.
2020-02-02 12:41:29.699  INFO 8163 --- [restartedMain] trationDelegate$BeanPostProcessorChecker : Bean 'org.springframework.transaction.annotation.ProxyTransactionManagementConfiguration' of type [org.springframework.transaction.annotation.ProxyTransactionManagementConfiguration$$EnhancerBySpringCGLIB$$49f6446d] is not eligible for getting processed by all BeanPostProcessors (for example: not eligible for auto-proxying)
2020-02-02 12:41:29.979  INFO 8163 --- [restartedMain] o.s.b.w.embedded.tomcat.TomcatWebServer  : Tomcat initialized with port(s): 8087 (http)
2020-02-02 12:41:29.998  INFO 8163 --- [restartedMain] o.apache.catalina.core.StandardService   : Starting service [Tomcat]
2020-02-02 12:41:29.999  INFO 8163 --- [restartedMain] org.apache.catalina.core.StandardEngine  : Starting Servlet engine: [Apache Tomcat/9.0.19]
2020-02-02 12:41:30.081  INFO 8163 --- [restartedMain] o.a.c.c.C.[Tomcat].[localhost].[/]       : Initializing Spring embedded WebApplicationContext
2020-02-02 12:41:30.081  INFO 8163 --- [restartedMain] o.s.web.context.ContextLoader            : Root WebApplicationContext: initialization completed in 1942 ms
2020-02-02 12:41:30.760  INFO 8163 --- [restartedMain] o.s.s.concurrent.ThreadPoolTaskExecutor  : Initializing ExecutorService 'applicationTaskExecutor'
2020-02-02 12:41:31.428  INFO 8163 --- [restartedMain] o.s.b.d.a.OptionalLiveReloadServer       : LiveReload server is running on port 35729
2020-02-02 12:41:31.487  INFO 8163 --- [restartedMain] o.s.b.w.embedded.tomcat.TomcatWebServer  : Tomcat started on port(s): 8087 (http) with context path ''
2020-02-02 12:41:31.491  INFO 8163 --- [restartedMain] com.gouzhong1223.blog.BlogApplication    : Started BlogApplication in 4.264 seconds (JVM running for 5.387)
2020-02-02 12:41:33.703  INFO 8163 --- [Thread-17] o.s.s.concurrent.ThreadPoolTaskExecutor  : Shutting down ExecutorService 'applicationTaskExecutor'
